{
  "RSpec": {
    "coverage": {
      "/home/janis/code/mobile_event_gallery/app/models/admin.rb": [
        1,
        1,
        null,
        1,
        null
      ],
      "/home/janis/code/mobile_event_gallery/app/controllers/application_controller.rb": [
        1,
        1,
        null,
        1,
        1,
        null,
        null,
        1,
        2,
        null,
        null,
        1,
        1,
        null,
        null
      ],
      "/home/janis/code/mobile_event_gallery/app/helpers/application_helper.rb": [
        1,
        null
      ],
      "/home/janis/code/mobile_event_gallery/app/helpers/approved_images_helper.rb": [
        1,
        null
      ],
      "/home/janis/code/mobile_event_gallery/app/helpers/pending_images_helper.rb": [
        1,
        null
      ],
      "/home/janis/code/mobile_event_gallery/app/controllers/approved_images_controller.rb": [
        1,
        1,
        null,
        null
      ],
      "/home/janis/code/mobile_event_gallery/app/controllers/pending_images_controller.rb": [
        1,
        1,
        null,
        1,
        null,
        null
      ],
      "/home/janis/code/mobile_event_gallery/app/mobile_event_gallery/pending_image_builder.rb": [
        1,
        1,
        1,
        0,
        null,
        null,
        1,
        0,
        null,
        null,
        1,
        null,
        1,
        0,
        null,
        null,
        1,
        0,
        0,
        null,
        null,
        null,
        null,
        null,
        null,
        null,
        null,
        null
      ],
      "/home/janis/code/mobile_event_gallery/app/mobile_event_gallery/pending_image_collection.rb": [
        1,
        1,
        null,
        1,
        0,
        0,
        null,
        null,
        1,
        0,
        null,
        null,
        1,
        0,
        null,
        null,
        1,
        null,
        1,
        0,
        0,
        null,
        0,
        null,
        null,
        null,
        null
      ],
      "/home/janis/code/mobile_event_gallery/app/mobile_event_gallery/pending_image_request.rb": [
        1,
        1,
        1,
        null,
        1,
        0,
        null,
        null,
        1,
        null,
        1,
        0,
        0,
        null,
        null,
        null,
        null
      ],
      "/home/janis/code/mobile_event_gallery/app/models/ability.rb": [
        1,
        1,
        null,
        1,
        2,
        1,
        null,
        null,
        null,
        null,
        null
      ],
      "/home/janis/code/mobile_event_gallery/app/models/image.rb": [
        1,
        1,
        1,
        null,
        1,
        null,
        null,
        1,
        null,
        1,
        0,
        0,
        0,
        null,
        null,
        null
      ]
    },
    "timestamp": 1353852927
  },
  "Cucumber Features": {
    "coverage": {
      "/home/janis/code/mobile_event_gallery/app/models/admin.rb": [
        1,
        1,
        null,
        1,
        null
      ],
      "/home/janis/code/mobile_event_gallery/app/controllers/application_controller.rb": [
        1,
        1,
        null,
        1,
        0,
        null,
        null,
        1,
        1,
        null,
        null,
        1,
        0,
        null,
        null
      ],
      "/home/janis/code/mobile_event_gallery/app/helpers/application_helper.rb": [
        1,
        null
      ],
      "/home/janis/code/mobile_event_gallery/app/helpers/approved_images_helper.rb": [
        1,
        null
      ],
      "/home/janis/code/mobile_event_gallery/app/helpers/pending_images_helper.rb": [
        1,
        null
      ],
      "/home/janis/code/mobile_event_gallery/app/controllers/approved_images_controller.rb": [
        1,
        1,
        null,
        null
      ],
      "/home/janis/code/mobile_event_gallery/app/controllers/pending_images_controller.rb": [
        1,
        1,
        null,
        1,
        null,
        null
      ],
      "/home/janis/code/mobile_event_gallery/app/mobile_event_gallery/pending_image_builder.rb": [
        1,
        1,
        1,
        0,
        null,
        null,
        1,
        0,
        null,
        null,
        1,
        null,
        1,
        0,
        null,
        null,
        1,
        0,
        0,
        null,
        null,
        null,
        null,
        null,
        null,
        null,
        null,
        null
      ],
      "/home/janis/code/mobile_event_gallery/app/mobile_event_gallery/pending_image_collection.rb": [
        1,
        1,
        null,
        1,
        0,
        0,
        null,
        null,
        1,
        0,
        null,
        null,
        1,
        0,
        null,
        null,
        1,
        null,
        1,
        0,
        0,
        null,
        0,
        null,
        null,
        null,
        null
      ],
      "/home/janis/code/mobile_event_gallery/app/mobile_event_gallery/pending_image_request.rb": [
        1,
        1,
        1,
        null,
        1,
        0,
        null,
        null,
        1,
        null,
        1,
        0,
        0,
        null,
        null,
        null,
        null
      ],
      "/home/janis/code/mobile_event_gallery/app/models/ability.rb": [
        1,
        1,
        null,
        1,
        1,
        1,
        null,
        null,
        null,
        null,
        null
      ],
      "/home/janis/code/mobile_event_gallery/app/models/image.rb": [
        1,
        1,
        1,
        null,
        1,
        null,
        null,
        1,
        null,
        1,
        0,
        0,
        0,
        null,
        null,
        null
      ]
    },
    "timestamp": 1353853459
  }
}
